<?xml version="1.0" encoding="UTF-8"?>
<!-- Generated by org.testng.reporters.JUnitReportReporter -->
<testsuite hostname="Lets_do_it" failures="0" tests="1" name="com.inetBanking.testCases.TC_NewCustomerTest" time="7.080" errors="0" timestamp="2023-03-07T00:46:30 CST" skipped="0">
  <testcase classname="com.inetBanking.testCases.TC_NewCustomerTest" name="addNewCustomer" time="7.080"/>
</testsuite> <!-- com.inetBanking.testCases.TC_NewCustomerTest -->
