<?xml version="1.0" encoding="UTF-8"?>
<!-- Generated by org.testng.reporters.JUnitReportReporter -->
<testsuite hostname="Lets_do_it" failures="0" tests="1" name="com.inetBanking.testCases.TC_NewCustomerTest" time="12.519" errors="0" timestamp="2023-03-06T22:43:45 CST" skipped="0">
  <testcase classname="com.inetBanking.testCases.TC_NewCustomerTest" name="addNewCustomer" time="12.519"/>
</testsuite> <!-- com.inetBanking.testCases.TC_NewCustomerTest -->
